#-----------------------------------------------------------
# Vivado v2018.3 (64-bit)
# SW Build 2405991 on Thu Dec  6 23:38:27 MST 2018
# IP Build 2404404 on Fri Dec  7 01:43:56 MST 2018
# Start of session at: Tue Jul 16 14:59:42 2024
# Process ID: 19496
# Current directory: F:/F_prj/plate_recognization
# Command line: vivado.exe -gui_launcher_event rodinguilauncherevent14836 F:\F_prj\plate_recognization\plate_recognization.xpr
# Log file: F:/F_prj/plate_recognization/vivado.log
# Journal file: F:/F_prj/plate_recognization\vivado.jou
#-----------------------------------------------------------
start_gui
open_project F:/F_prj/plate_recognization/plate_recognization.xpr
Scanning sources...
Finished scanning sources
INFO: [IP_Flow 19-234] Refreshing IP repositories
INFO: [IP_Flow 19-1704] No user IP repositories specified
INFO: [IP_Flow 19-2313] Loaded Vivado IP repository 'E:/FPGA/Vivado/Vivado/2018.3/data/ip'.
open_project: Time (s): cpu = 00:00:12 ; elapsed = 00:00:13 . Memory (MB): peak = 855.582 ; gain = 219.266
update_compile_order -fileset sources_1
exit
INFO: [Common 17-206] Exiting Vivado at Tue Jul 16 15:01:23 2024...
